1761787444: mosquitto version 2.0.22 starting
1761787444: Config loaded from /mosquitto/config/mosquitto.conf.
1761787444: Opening ipv4 listen socket on port 1883.
1761787444: Opening ipv6 listen socket on port 1883.
1761787444: Opening websockets listen socket on port 9001.
1761787444: mosquitto version 2.0.22 running
1761787460: mosquitto version 2.0.22 terminating
1761787460: Saving in-memory database to /mosquitto/data//mosquitto.db.
1761787482: mosquitto version 2.0.22 starting
1761787482: Config loaded from /mosquitto/config/mosquitto.conf.
1761787482: Opening ipv4 listen socket on port 1883.
1761787482: Opening ipv6 listen socket on port 1883.
1761787482: Opening websockets listen socket on port 9001.
1761787482: mosquitto version 2.0.22 running
1761787630: mosquitto version 2.0.22 terminating
1761787630: Saving in-memory database to /mosquitto/data//mosquitto.db.
1761787634: mosquitto version 2.0.22 starting
1761787634: Config loaded from /mosquitto/config/mosquitto.conf.
1761787634: Opening ipv4 listen socket on port 1883.
1761787634: Opening ipv6 listen socket on port 1883.
1761787634: Opening websockets listen socket on port 9001.
1761787634: mosquitto version 2.0.22 running
1761787691: mosquitto version 2.0.22 terminating
1761787691: Saving in-memory database to /mosquitto/data//mosquitto.db.
1761787695: mosquitto version 2.0.22 starting
1761787695: Config loaded from /mosquitto/config/mosquitto.conf.
1761787695: Opening ipv4 listen socket on port 1883.
1761787695: Opening ipv6 listen socket on port 1883.
1761787695: Opening websockets listen socket on port 9001.
1761787695: mosquitto version 2.0.22 running
1761787750: mosquitto version 2.0.22 terminating
1761787750: Saving in-memory database to /mosquitto/data//mosquitto.db.
1761787757: mosquitto version 2.0.22 starting
1761787757: Config loaded from /mosquitto/config/mosquitto.conf.
1761787757: Opening ipv4 listen socket on port 1883.
1761787757: Opening ipv6 listen socket on port 1883.
1761787757: Opening websockets listen socket on port 9001.
1761787757: mosquitto version 2.0.22 running
1761787818: mosquitto version 2.0.22 terminating
1761787818: Saving in-memory database to /mosquitto/data//mosquitto.db.
1761787819: mosquitto version 2.0.22 starting
1761787819: Config loaded from /mosquitto/config/mosquitto.conf.
1761787819: Opening ipv4 listen socket on port 1883.
1761787819: Opening ipv6 listen socket on port 1883.
1761787819: Opening websockets listen socket on port 9001.
1761787819: mosquitto version 2.0.22 running
1761788306: mosquitto version 2.0.22 terminating
1761788306: Saving in-memory database to /mosquitto/data//mosquitto.db.
1761788321: mosquitto version 2.0.22 starting
1761788321: Config loaded from /mosquitto/config/mosquitto.conf.
1761788321: Opening ipv4 listen socket on port 1883.
1761788321: Opening ipv6 listen socket on port 1883.
1761788321: Opening websockets listen socket on port 9001.
1761788321: mosquitto version 2.0.22 running
1761789033: mosquitto version 2.0.22 terminating
1761789033: Saving in-memory database to /mosquitto/data//mosquitto.db.
1761789092: mosquitto version 2.0.22 starting
1761789092: Config loaded from /mosquitto/config/mosquitto.conf.
1761789092: Opening ipv4 listen socket on port 1883.
1761789092: Opening ipv6 listen socket on port 1883.
1761789092: Opening websockets listen socket on port 9001.
1761789092: mosquitto version 2.0.22 running
