{"__type":"$$EventMessageAudit","id":"606acd25-082f-41e5-a8f5-03a5759691a2","ts":"2025-10-30T01:53:40.709+00:00","eventName":"n8n.audit.workflow.created","message":"n8n.audit.workflow.created","payload":{"userId":"fc813158-cf97-4c53-85bb-cf11d87d04fb","_email":"halals@me.com","_firstName":"Ago","_lastName":"Ali","globalRole":"global:owner","workflowId":"yiy7HmAgYpb4ORnP","workflowName":"My Flow"}}
{"__type":"$$EventMessageConfirm","confirm":"606acd25-082f-41e5-a8f5-03a5759691a2","ts":"2025-10-30T01:53:40.712+00:00","source":{"id":"0","name":"eventBus"}}
{"__type":"$$EventMessageAudit","id":"95ca9381-8215-4886-a641-dd668fb4bfb5","ts":"2025-10-30T01:54:54.303+00:00","eventName":"n8n.audit.user.credentials.created","message":"n8n.audit.user.credentials.created","payload":{"userId":"fc813158-cf97-4c53-85bb-cf11d87d04fb","_email":"halals@me.com","_firstName":"Ago","_lastName":"Ali","globalRole":"global:owner","credentialType":"telegramApi","credentialId":"me7vkfkSVZTLe16B","publicApi":false,"projectId":"pTr99sPGe7QRAr3R","projectType":"personal"}}
{"__type":"$$EventMessageConfirm","confirm":"95ca9381-8215-4886-a641-dd668fb4bfb5","ts":"2025-10-30T01:54:54.304+00:00","source":{"id":"0","name":"eventBus"}}
{"__type":"$$EventMessageAudit","id":"fa79d4f1-82a1-40c7-8112-b4bfb37afebd","ts":"2025-10-30T02:54:56.532+01:00","eventName":"n8n.audit.workflow.updated","message":"n8n.audit.workflow.updated","payload":{"userId":"fc813158-cf97-4c53-85bb-cf11d87d04fb","_email":"halals@me.com","_firstName":"Ago","_lastName":"Ali","globalRole":"global:owner","workflowId":"yiy7HmAgYpb4ORnP","workflowName":"My Flow"}}
{"__type":"$$EventMessageConfirm","confirm":"fa79d4f1-82a1-40c7-8112-b4bfb37afebd","ts":"2025-10-30T02:54:56.533+01:00","source":{"id":"0","name":"eventBus"}}
{"__type":"$$EventMessageAudit","id":"ea1e48aa-ad43-4c79-aaac-df7da17ffd65","ts":"2025-10-30T02:55:03.790+01:00","eventName":"n8n.audit.workflow.updated","message":"n8n.audit.workflow.updated","payload":{"userId":"fc813158-cf97-4c53-85bb-cf11d87d04fb","_email":"halals@me.com","_firstName":"Ago","_lastName":"Ali","globalRole":"global:owner","workflowId":"yiy7HmAgYpb4ORnP","workflowName":"My Flow"}}
{"__type":"$$EventMessageConfirm","confirm":"ea1e48aa-ad43-4c79-aaac-df7da17ffd65","ts":"2025-10-30T02:55:03.791+01:00","source":{"id":"0","name":"eventBus"}}
{"__type":"$$EventMessageWorkflow","id":"a8185467-291f-46e3-ab2e-edc71d72c0e2","ts":"2025-10-30T02:55:05.549+01:00","eventName":"n8n.workflow.started","message":"n8n.workflow.started","payload":{"executionId":"1","workflowId":"yiy7HmAgYpb4ORnP","isManual":false,"workflowName":"My Flow"}}
{"__type":"$$EventMessageConfirm","confirm":"a8185467-291f-46e3-ab2e-edc71d72c0e2","ts":"2025-10-30T02:55:05.551+01:00","source":{"id":"0","name":"eventBus"}}
{"__type":"$$EventMessageNode","id":"2546eb9e-9f27-4503-8194-2102fa5a0149","ts":"2025-10-30T02:55:05.557+01:00","eventName":"n8n.node.started","message":"n8n.node.started","payload":{"workflowId":"yiy7HmAgYpb4ORnP","workflowName":"My Flow","executionId":"1","nodeType":"n8n-nodes-base.telegramTrigger","nodeName":"request","nodeId":"7de85070-ad55-4a0d-b1a5-51d8bbf0e01e"}}
{"__type":"$$EventMessageConfirm","confirm":"2546eb9e-9f27-4503-8194-2102fa5a0149","ts":"2025-10-30T02:55:05.557+01:00","source":{"id":"0","name":"eventBus"}}
{"__type":"$$EventMessageNode","id":"862b2c0d-d7cf-4ca4-ae26-bc6c47044c07","ts":"2025-10-30T02:55:05.563+01:00","eventName":"n8n.node.finished","message":"n8n.node.finished","payload":{"workflowId":"yiy7HmAgYpb4ORnP","workflowName":"My Flow","executionId":"1","nodeType":"n8n-nodes-base.telegramTrigger","nodeName":"request","nodeId":"7de85070-ad55-4a0d-b1a5-51d8bbf0e01e"}}
{"__type":"$$EventMessageConfirm","confirm":"862b2c0d-d7cf-4ca4-ae26-bc6c47044c07","ts":"2025-10-30T02:55:05.564+01:00","source":{"id":"0","name":"eventBus"}}
{"__type":"$$EventMessageNode","id":"b525731d-2ab5-4cb1-989b-6cee1ff414b9","ts":"2025-10-30T02:55:05.568+01:00","eventName":"n8n.node.started","message":"n8n.node.started","payload":{"workflowId":"yiy7HmAgYpb4ORnP","workflowName":"My Flow","executionId":"1","nodeType":"n8n-nodes-base.code","nodeName":"auth","nodeId":"e132954c-3766-41b0-98f8-3ed45399c9b9"}}
{"__type":"$$EventMessageConfirm","confirm":"b525731d-2ab5-4cb1-989b-6cee1ff414b9","ts":"2025-10-30T02:55:05.568+01:00","source":{"id":"0","name":"eventBus"}}
{"__type":"$$EventMessageRunner","id":"79cfed95-1b0c-4b14-95ad-3bb9e5c4837e","ts":"2025-10-30T02:55:05.582+01:00","eventName":"n8n.runner.task.requested","message":"n8n.runner.task.requested","payload":{"taskId":"mquhNpLT","nodeId":"e132954c-3766-41b0-98f8-3ed45399c9b9","workflowId":"yiy7HmAgYpb4ORnP","executionId":"1"}}
{"__type":"$$EventMessageConfirm","confirm":"79cfed95-1b0c-4b14-95ad-3bb9e5c4837e","ts":"2025-10-30T02:55:05.582+01:00","source":{"id":"0","name":"eventBus"}}
{"__type":"$$EventMessageRunner","id":"2b47e004-2f1d-42d9-94b4-66145e8f1f4b","ts":"2025-10-30T02:55:05.752+01:00","eventName":"n8n.runner.response.received","message":"n8n.runner.response.received","payload":{"taskId":"mquhNpLT","nodeId":"e132954c-3766-41b0-98f8-3ed45399c9b9","workflowId":"yiy7HmAgYpb4ORnP","executionId":"1"}}
{"__type":"$$EventMessageConfirm","confirm":"2b47e004-2f1d-42d9-94b4-66145e8f1f4b","ts":"2025-10-30T02:55:05.752+01:00","source":{"id":"0","name":"eventBus"}}
{"__type":"$$EventMessageNode","id":"9e81fc89-40e3-45a4-a112-bffb8627b8ac","ts":"2025-10-30T02:55:05.756+01:00","eventName":"n8n.node.finished","message":"n8n.node.finished","payload":{"workflowId":"yiy7HmAgYpb4ORnP","workflowName":"My Flow","executionId":"1","nodeType":"n8n-nodes-base.code","nodeName":"auth","nodeId":"e132954c-3766-41b0-98f8-3ed45399c9b9"}}
{"__type":"$$EventMessageConfirm","confirm":"9e81fc89-40e3-45a4-a112-bffb8627b8ac","ts":"2025-10-30T02:55:05.756+01:00","source":{"id":"0","name":"eventBus"}}
{"__type":"$$EventMessageNode","id":"a83e8a33-e712-4ab4-baf7-d2b408ee1bb1","ts":"2025-10-30T02:55:05.760+01:00","eventName":"n8n.node.started","message":"n8n.node.started","payload":{"workflowId":"yiy7HmAgYpb4ORnP","workflowName":"My Flow","executionId":"1","nodeType":"n8n-nodes-base.if","nodeName":"unauthorized","nodeId":"f51f5613-0e76-49b8-8025-7150f76f50cf"}}
{"__type":"$$EventMessageConfirm","confirm":"a83e8a33-e712-4ab4-baf7-d2b408ee1bb1","ts":"2025-10-30T02:55:05.760+01:00","source":{"id":"0","name":"eventBus"}}
{"__type":"$$EventMessageNode","id":"54676a28-6fc0-4af4-a10c-05c7536b3439","ts":"2025-10-30T02:55:05.791+01:00","eventName":"n8n.node.finished","message":"n8n.node.finished","payload":{"workflowId":"yiy7HmAgYpb4ORnP","workflowName":"My Flow","executionId":"1","nodeType":"n8n-nodes-base.if","nodeName":"unauthorized","nodeId":"f51f5613-0e76-49b8-8025-7150f76f50cf"}}
{"__type":"$$EventMessageConfirm","confirm":"54676a28-6fc0-4af4-a10c-05c7536b3439","ts":"2025-10-30T02:55:05.791+01:00","source":{"id":"0","name":"eventBus"}}
{"__type":"$$EventMessageWorkflow","id":"117c5cec-8004-46e3-a848-ee39885d7eb6","ts":"2025-10-30T02:55:05.805+01:00","eventName":"n8n.workflow.success","message":"n8n.workflow.success","payload":{"userId":"fc813158-cf97-4c53-85bb-cf11d87d04fb","executionId":"1","success":true,"isManual":true,"workflowId":"yiy7HmAgYpb4ORnP","workflowName":"My Flow"}}
{"__type":"$$EventMessageConfirm","confirm":"117c5cec-8004-46e3-a848-ee39885d7eb6","ts":"2025-10-30T02:55:05.805+01:00","source":{"id":"0","name":"eventBus"}}
{"__type":"$$EventMessageAudit","id":"aa35ce7e-570b-417c-b63a-37a57ba0ac13","ts":"2025-10-30T02:55:26.941+01:00","eventName":"n8n.audit.workflow.updated","message":"n8n.audit.workflow.updated","payload":{"userId":"fc813158-cf97-4c53-85bb-cf11d87d04fb","_email":"halals@me.com","_firstName":"Ago","_lastName":"Ali","globalRole":"global:owner","workflowId":"yiy7HmAgYpb4ORnP","workflowName":"My Flow"}}
{"__type":"$$EventMessageConfirm","confirm":"aa35ce7e-570b-417c-b63a-37a57ba0ac13","ts":"2025-10-30T02:55:26.942+01:00","source":{"id":"0","name":"eventBus"}}
{"__type":"$$EventMessageWorkflow","id":"83bdb419-c2a4-4a5c-9a81-5f5bdb60d849","ts":"2025-10-30T02:55:31.196+01:00","eventName":"n8n.workflow.started","message":"n8n.workflow.started","payload":{"executionId":"2","workflowId":"yiy7HmAgYpb4ORnP","isManual":false,"workflowName":"My Flow"}}
{"__type":"$$EventMessageConfirm","confirm":"83bdb419-c2a4-4a5c-9a81-5f5bdb60d849","ts":"2025-10-30T02:55:31.197+01:00","source":{"id":"0","name":"eventBus"}}
{"__type":"$$EventMessageNode","id":"4dc46410-8772-40cd-b2c9-1cf82352b831","ts":"2025-10-30T02:55:31.200+01:00","eventName":"n8n.node.started","message":"n8n.node.started","payload":{"workflowId":"yiy7HmAgYpb4ORnP","workflowName":"My Flow","executionId":"2","nodeType":"n8n-nodes-base.telegramTrigger","nodeName":"request","nodeId":"7de85070-ad55-4a0d-b1a5-51d8bbf0e01e"}}
{"__type":"$$EventMessageConfirm","confirm":"4dc46410-8772-40cd-b2c9-1cf82352b831","ts":"2025-10-30T02:55:31.201+01:00","source":{"id":"0","name":"eventBus"}}
{"__type":"$$EventMessageNode","id":"ef2f23a1-d7f2-4208-a172-21906e819e6f","ts":"2025-10-30T02:55:31.208+01:00","eventName":"n8n.node.finished","message":"n8n.node.finished","payload":{"workflowId":"yiy7HmAgYpb4ORnP","workflowName":"My Flow","executionId":"2","nodeType":"n8n-nodes-base.telegramTrigger","nodeName":"request","nodeId":"7de85070-ad55-4a0d-b1a5-51d8bbf0e01e"}}
{"__type":"$$EventMessageConfirm","confirm":"ef2f23a1-d7f2-4208-a172-21906e819e6f","ts":"2025-10-30T02:55:31.209+01:00","source":{"id":"0","name":"eventBus"}}
{"__type":"$$EventMessageNode","id":"0f9d48dd-4f79-4484-b0cd-6093cf4ee117","ts":"2025-10-30T02:55:31.213+01:00","eventName":"n8n.node.started","message":"n8n.node.started","payload":{"workflowId":"yiy7HmAgYpb4ORnP","workflowName":"My Flow","executionId":"2","nodeType":"n8n-nodes-base.code","nodeName":"auth","nodeId":"e132954c-3766-41b0-98f8-3ed45399c9b9"}}
{"__type":"$$EventMessageConfirm","confirm":"0f9d48dd-4f79-4484-b0cd-6093cf4ee117","ts":"2025-10-30T02:55:31.214+01:00","source":{"id":"0","name":"eventBus"}}
{"__type":"$$EventMessageRunner","id":"c67fce9d-a85b-4406-84e6-7829a1508cf9","ts":"2025-10-30T02:55:31.224+01:00","eventName":"n8n.runner.task.requested","message":"n8n.runner.task.requested","payload":{"taskId":"kLdixpmb","nodeId":"e132954c-3766-41b0-98f8-3ed45399c9b9","workflowId":"yiy7HmAgYpb4ORnP","executionId":"2"}}
{"__type":"$$EventMessageConfirm","confirm":"c67fce9d-a85b-4406-84e6-7829a1508cf9","ts":"2025-10-30T02:55:31.225+01:00","source":{"id":"0","name":"eventBus"}}
{"__type":"$$EventMessageRunner","id":"4e99ba93-4d5a-45fe-be44-ebd57e2287b8","ts":"2025-10-30T02:55:31.270+01:00","eventName":"n8n.runner.response.received","message":"n8n.runner.response.received","payload":{"taskId":"kLdixpmb","nodeId":"e132954c-3766-41b0-98f8-3ed45399c9b9","workflowId":"yiy7HmAgYpb4ORnP","executionId":"2"}}
{"__type":"$$EventMessageConfirm","confirm":"4e99ba93-4d5a-45fe-be44-ebd57e2287b8","ts":"2025-10-30T02:55:31.270+01:00","source":{"id":"0","name":"eventBus"}}
{"__type":"$$EventMessageNode","id":"08d85039-d66b-4dc2-9ded-7f86d4eec7a1","ts":"2025-10-30T02:55:31.272+01:00","eventName":"n8n.node.finished","message":"n8n.node.finished","payload":{"workflowId":"yiy7HmAgYpb4ORnP","workflowName":"My Flow","executionId":"2","nodeType":"n8n-nodes-base.code","nodeName":"auth","nodeId":"e132954c-3766-41b0-98f8-3ed45399c9b9"}}
{"__type":"$$EventMessageConfirm","confirm":"08d85039-d66b-4dc2-9ded-7f86d4eec7a1","ts":"2025-10-30T02:55:31.273+01:00","source":{"id":"0","name":"eventBus"}}
{"__type":"$$EventMessageNode","id":"e9c27a6b-d94b-4424-aca4-088beec4f721","ts":"2025-10-30T02:55:31.278+01:00","eventName":"n8n.node.started","message":"n8n.node.started","payload":{"workflowId":"yiy7HmAgYpb4ORnP","workflowName":"My Flow","executionId":"2","nodeType":"n8n-nodes-base.if","nodeName":"unauthorized","nodeId":"f51f5613-0e76-49b8-8025-7150f76f50cf"}}
{"__type":"$$EventMessageConfirm","confirm":"e9c27a6b-d94b-4424-aca4-088beec4f721","ts":"2025-10-30T02:55:31.279+01:00","source":{"id":"0","name":"eventBus"}}
{"__type":"$$EventMessageNode","id":"43b4c333-864c-4d61-be73-e366d475cca8","ts":"2025-10-30T02:55:31.290+01:00","eventName":"n8n.node.finished","message":"n8n.node.finished","payload":{"workflowId":"yiy7HmAgYpb4ORnP","workflowName":"My Flow","executionId":"2","nodeType":"n8n-nodes-base.if","nodeName":"unauthorized","nodeId":"f51f5613-0e76-49b8-8025-7150f76f50cf"}}
{"__type":"$$EventMessageConfirm","confirm":"43b4c333-864c-4d61-be73-e366d475cca8","ts":"2025-10-30T02:55:31.290+01:00","source":{"id":"0","name":"eventBus"}}
{"__type":"$$EventMessageNode","id":"1c3a50ba-5435-4d8a-a76b-378628a10c2b","ts":"2025-10-30T02:55:31.302+01:00","eventName":"n8n.node.started","message":"n8n.node.started","payload":{"workflowId":"yiy7HmAgYpb4ORnP","workflowName":"My Flow","executionId":"2","nodeType":"n8n-nodes-base.telegram","nodeName":"no","nodeId":"fce29dcd-28a1-43e5-8b81-05d0154824f9"}}
{"__type":"$$EventMessageConfirm","confirm":"1c3a50ba-5435-4d8a-a76b-378628a10c2b","ts":"2025-10-30T02:55:31.303+01:00","source":{"id":"0","name":"eventBus"}}
{"__type":"$$EventMessageNode","id":"21430362-7d72-4577-9d9b-6b09c4fd0a1d","ts":"2025-10-30T02:55:31.658+01:00","eventName":"n8n.node.finished","message":"n8n.node.finished","payload":{"workflowId":"yiy7HmAgYpb4ORnP","workflowName":"My Flow","executionId":"2","nodeType":"n8n-nodes-base.telegram","nodeName":"no","nodeId":"fce29dcd-28a1-43e5-8b81-05d0154824f9"}}
{"__type":"$$EventMessageConfirm","confirm":"21430362-7d72-4577-9d9b-6b09c4fd0a1d","ts":"2025-10-30T02:55:31.659+01:00","source":{"id":"0","name":"eventBus"}}
{"__type":"$$EventMessageNode","id":"54477304-0d63-4e33-985e-ce162050a470","ts":"2025-10-30T02:55:31.663+01:00","eventName":"n8n.node.started","message":"n8n.node.started","payload":{"workflowId":"yiy7HmAgYpb4ORnP","workflowName":"My Flow","executionId":"2","nodeType":"n8n-nodes-base.wait","nodeName":"Wait","nodeId":"f3276285-6488-4b40-b59b-a293c4c07df5"}}
{"__type":"$$EventMessageConfirm","confirm":"54477304-0d63-4e33-985e-ce162050a470","ts":"2025-10-30T02:55:31.664+01:00","source":{"id":"0","name":"eventBus"}}
{"__type":"$$EventMessageNode","id":"c6e5f09c-2cb6-40b7-a1f1-12dd86477576","ts":"2025-10-30T02:55:39.440+01:00","eventName":"n8n.node.finished","message":"n8n.node.finished","payload":{"workflowId":"yiy7HmAgYpb4ORnP","workflowName":"My Flow","executionId":"2","nodeType":"n8n-nodes-base.wait","nodeName":"Wait","nodeId":"f3276285-6488-4b40-b59b-a293c4c07df5"}}
{"__type":"$$EventMessageConfirm","confirm":"c6e5f09c-2cb6-40b7-a1f1-12dd86477576","ts":"2025-10-30T02:55:39.441+01:00","source":{"id":"0","name":"eventBus"}}
{"__type":"$$EventMessageNode","id":"35ccdcc8-6c4a-47f8-a977-fecdb57f6168","ts":"2025-10-30T02:55:39.443+01:00","eventName":"n8n.node.started","message":"n8n.node.started","payload":{"workflowId":"yiy7HmAgYpb4ORnP","workflowName":"My Flow","executionId":"2","nodeType":"n8n-nodes-base.telegram","nodeName":"2nd-opinion","nodeId":"6f31e7a8-ec2c-4b03-85c9-cfdbc8044e3a"}}
{"__type":"$$EventMessageConfirm","confirm":"35ccdcc8-6c4a-47f8-a977-fecdb57f6168","ts":"2025-10-30T02:55:39.443+01:00","source":{"id":"0","name":"eventBus"}}
{"__type":"$$EventMessageNode","id":"1ae4a054-441e-42c5-9091-a7840ccbe7ca","ts":"2025-10-30T02:55:39.796+01:00","eventName":"n8n.node.finished","message":"n8n.node.finished","payload":{"workflowId":"yiy7HmAgYpb4ORnP","workflowName":"My Flow","executionId":"2","nodeType":"n8n-nodes-base.telegram","nodeName":"2nd-opinion","nodeId":"6f31e7a8-ec2c-4b03-85c9-cfdbc8044e3a"}}
{"__type":"$$EventMessageConfirm","confirm":"1ae4a054-441e-42c5-9091-a7840ccbe7ca","ts":"2025-10-30T02:55:39.797+01:00","source":{"id":"0","name":"eventBus"}}
{"__type":"$$EventMessageWorkflow","id":"449de712-1b2c-42da-9204-06b3997148b2","ts":"2025-10-30T02:55:39.805+01:00","eventName":"n8n.workflow.success","message":"n8n.workflow.success","payload":{"userId":"fc813158-cf97-4c53-85bb-cf11d87d04fb","executionId":"2","success":true,"isManual":true,"workflowId":"yiy7HmAgYpb4ORnP","workflowName":"My Flow"}}
{"__type":"$$EventMessageConfirm","confirm":"449de712-1b2c-42da-9204-06b3997148b2","ts":"2025-10-30T02:55:39.805+01:00","source":{"id":"0","name":"eventBus"}}
{"__type":"$$EventMessageAudit","id":"1b87eb7b-8525-4566-bd8c-4555b5e512cf","ts":"2025-10-30T02:55:45.609+01:00","eventName":"n8n.audit.workflow.updated","message":"n8n.audit.workflow.updated","payload":{"userId":"fc813158-cf97-4c53-85bb-cf11d87d04fb","_email":"halals@me.com","_firstName":"Ago","_lastName":"Ali","globalRole":"global:owner","workflowId":"yiy7HmAgYpb4ORnP","workflowName":"My Flow"}}
{"__type":"$$EventMessageConfirm","confirm":"1b87eb7b-8525-4566-bd8c-4555b5e512cf","ts":"2025-10-30T02:55:45.609+01:00","source":{"id":"0","name":"eventBus"}}
{"__type":"$$EventMessageAudit","id":"840263f3-98d2-45b2-8210-47411c69076f","ts":"2025-10-30T02:56:01.778+01:00","eventName":"n8n.audit.workflow.updated","message":"n8n.audit.workflow.updated","payload":{"userId":"fc813158-cf97-4c53-85bb-cf11d87d04fb","_email":"halals@me.com","_firstName":"Ago","_lastName":"Ali","globalRole":"global:owner","workflowId":"yiy7HmAgYpb4ORnP","workflowName":"My Flow"}}
{"__type":"$$EventMessageConfirm","confirm":"840263f3-98d2-45b2-8210-47411c69076f","ts":"2025-10-30T02:56:01.780+01:00","source":{"id":"0","name":"eventBus"}}
{"__type":"$$EventMessageWorkflow","id":"554419c5-dcf8-46cd-84c4-0a4d62323875","ts":"2025-10-30T02:56:02.387+01:00","eventName":"n8n.workflow.started","message":"n8n.workflow.started","payload":{"executionId":"3","workflowId":"yiy7HmAgYpb4ORnP","isManual":false,"workflowName":"My Flow"}}
{"__type":"$$EventMessageConfirm","confirm":"554419c5-dcf8-46cd-84c4-0a4d62323875","ts":"2025-10-30T02:56:02.388+01:00","source":{"id":"0","name":"eventBus"}}
{"__type":"$$EventMessageNode","id":"a0115523-a5ab-4bb9-9cfb-2c863b93298c","ts":"2025-10-30T02:56:02.390+01:00","eventName":"n8n.node.started","message":"n8n.node.started","payload":{"workflowId":"yiy7HmAgYpb4ORnP","workflowName":"My Flow","executionId":"3","nodeType":"n8n-nodes-base.telegramTrigger","nodeName":"request","nodeId":"7de85070-ad55-4a0d-b1a5-51d8bbf0e01e"}}
{"__type":"$$EventMessageConfirm","confirm":"a0115523-a5ab-4bb9-9cfb-2c863b93298c","ts":"2025-10-30T02:56:02.391+01:00","source":{"id":"0","name":"eventBus"}}
{"__type":"$$EventMessageNode","id":"c698c337-cdeb-4aeb-9d07-97b36a78c1d9","ts":"2025-10-30T02:56:02.395+01:00","eventName":"n8n.node.finished","message":"n8n.node.finished","payload":{"workflowId":"yiy7HmAgYpb4ORnP","workflowName":"My Flow","executionId":"3","nodeType":"n8n-nodes-base.telegramTrigger","nodeName":"request","nodeId":"7de85070-ad55-4a0d-b1a5-51d8bbf0e01e"}}
{"__type":"$$EventMessageConfirm","confirm":"c698c337-cdeb-4aeb-9d07-97b36a78c1d9","ts":"2025-10-30T02:56:02.396+01:00","source":{"id":"0","name":"eventBus"}}
{"__type":"$$EventMessageNode","id":"a3013d08-a1dc-48a5-97ed-80a7ff42d8d9","ts":"2025-10-30T02:56:02.399+01:00","eventName":"n8n.node.started","message":"n8n.node.started","payload":{"workflowId":"yiy7HmAgYpb4ORnP","workflowName":"My Flow","executionId":"3","nodeType":"n8n-nodes-base.code","nodeName":"auth","nodeId":"e132954c-3766-41b0-98f8-3ed45399c9b9"}}
{"__type":"$$EventMessageConfirm","confirm":"a3013d08-a1dc-48a5-97ed-80a7ff42d8d9","ts":"2025-10-30T02:56:02.399+01:00","source":{"id":"0","name":"eventBus"}}
{"__type":"$$EventMessageRunner","id":"5a208d38-6359-4771-bf20-7fbefbcaa8ae","ts":"2025-10-30T02:56:02.405+01:00","eventName":"n8n.runner.task.requested","message":"n8n.runner.task.requested","payload":{"taskId":"gnlFbt9c","nodeId":"e132954c-3766-41b0-98f8-3ed45399c9b9","workflowId":"yiy7HmAgYpb4ORnP","executionId":"3"}}
{"__type":"$$EventMessageConfirm","confirm":"5a208d38-6359-4771-bf20-7fbefbcaa8ae","ts":"2025-10-30T02:56:02.405+01:00","source":{"id":"0","name":"eventBus"}}
{"__type":"$$EventMessageRunner","id":"a9eb77b8-72ce-4eb5-ad2f-6ae8ca435700","ts":"2025-10-30T02:56:02.423+01:00","eventName":"n8n.runner.response.received","message":"n8n.runner.response.received","payload":{"taskId":"gnlFbt9c","nodeId":"e132954c-3766-41b0-98f8-3ed45399c9b9","workflowId":"yiy7HmAgYpb4ORnP","executionId":"3"}}
{"__type":"$$EventMessageConfirm","confirm":"a9eb77b8-72ce-4eb5-ad2f-6ae8ca435700","ts":"2025-10-30T02:56:02.423+01:00","source":{"id":"0","name":"eventBus"}}
{"__type":"$$EventMessageNode","id":"df58cb7c-08aa-42b2-a3e3-f2621f33912f","ts":"2025-10-30T02:56:02.424+01:00","eventName":"n8n.node.finished","message":"n8n.node.finished","payload":{"workflowId":"yiy7HmAgYpb4ORnP","workflowName":"My Flow","executionId":"3","nodeType":"n8n-nodes-base.code","nodeName":"auth","nodeId":"e132954c-3766-41b0-98f8-3ed45399c9b9"}}
{"__type":"$$EventMessageConfirm","confirm":"df58cb7c-08aa-42b2-a3e3-f2621f33912f","ts":"2025-10-30T02:56:02.424+01:00","source":{"id":"0","name":"eventBus"}}
{"__type":"$$EventMessageNode","id":"735170b2-1e09-4a88-b641-47e640f98cdd","ts":"2025-10-30T02:56:02.426+01:00","eventName":"n8n.node.started","message":"n8n.node.started","payload":{"workflowId":"yiy7HmAgYpb4ORnP","workflowName":"My Flow","executionId":"3","nodeType":"n8n-nodes-base.if","nodeName":"authorized","nodeId":"f51f5613-0e76-49b8-8025-7150f76f50cf"}}
{"__type":"$$EventMessageConfirm","confirm":"735170b2-1e09-4a88-b641-47e640f98cdd","ts":"2025-10-30T02:56:02.427+01:00","source":{"id":"0","name":"eventBus"}}
{"__type":"$$EventMessageNode","id":"d38313d7-274b-4cfa-9a84-113a741bc0d2","ts":"2025-10-30T02:56:02.431+01:00","eventName":"n8n.node.finished","message":"n8n.node.finished","payload":{"workflowId":"yiy7HmAgYpb4ORnP","workflowName":"My Flow","executionId":"3","nodeType":"n8n-nodes-base.if","nodeName":"authorized","nodeId":"f51f5613-0e76-49b8-8025-7150f76f50cf"}}
{"__type":"$$EventMessageConfirm","confirm":"d38313d7-274b-4cfa-9a84-113a741bc0d2","ts":"2025-10-30T02:56:02.432+01:00","source":{"id":"0","name":"eventBus"}}
{"__type":"$$EventMessageWorkflow","id":"e222a660-d015-4585-ace9-a39798faf33b","ts":"2025-10-30T02:56:02.438+01:00","eventName":"n8n.workflow.success","message":"n8n.workflow.success","payload":{"userId":"fc813158-cf97-4c53-85bb-cf11d87d04fb","executionId":"3","success":true,"isManual":true,"workflowId":"yiy7HmAgYpb4ORnP","workflowName":"My Flow"}}
{"__type":"$$EventMessageConfirm","confirm":"e222a660-d015-4585-ace9-a39798faf33b","ts":"2025-10-30T02:56:02.438+01:00","source":{"id":"0","name":"eventBus"}}
